{"total": {"lines":{"total":147,"covered":147,"skipped":0,"pct":100},"statements":{"total":171,"covered":171,"skipped":0,"pct":100},"functions":{"total":36,"covered":36,"skipped":0,"pct":100},"branches":{"total":146,"covered":145,"skipped":0,"pct":99.31},"branchesTrue":{"total":0,"covered":0,"skipped":0,"pct":100}}
,"D:\\MBP_ecommerce\\frontend\\src\\shared\\api\\csrf.js": {"lines":{"total":9,"covered":9,"skipped":0,"pct":100},"functions":{"total":2,"covered":2,"skipped":0,"pct":100},"statements":{"total":9,"covered":9,"skipped":0,"pct":100},"branches":{"total":4,"covered":4,"skipped":0,"pct":100}}
,"D:\\MBP_ecommerce\\frontend\\src\\shared\\api\\transformers.js": {"lines":{"total":32,"covered":32,"skipped":0,"pct":100},"functions":{"total":9,"covered":9,"skipped":0,"pct":100},"statements":{"total":36,"covered":36,"skipped":0,"pct":100},"branches":{"total":59,"covered":59,"skipped":0,"pct":100}}
,"D:\\MBP_ecommerce\\frontend\\src\\shared\\lib\\cookies.js": {"lines":{"total":22,"covered":22,"skipped":0,"pct":100},"functions":{"total":3,"covered":3,"skipped":0,"pct":100},"statements":{"total":26,"covered":26,"skipped":0,"pct":100},"branches":{"total":14,"covered":14,"skipped":0,"pct":100}}
,"D:\\MBP_ecommerce\\frontend\\src\\shared\\lib\\validators\\rules.js": {"lines":{"total":46,"covered":46,"skipped":0,"pct":100},"functions":{"total":9,"covered":9,"skipped":0,"pct":100},"statements":{"total":54,"covered":54,"skipped":0,"pct":100},"branches":{"total":36,"covered":36,"skipped":0,"pct":100}}
,"D:\\MBP_ecommerce\\frontend\\src\\shared\\lib\\validators\\schemas.js": {"lines":{"total":3,"covered":3,"skipped":0,"pct":100},"functions":{"total":1,"covered":1,"skipped":0,"pct":100},"statements":{"total":4,"covered":4,"skipped":0,"pct":100},"branches":{"total":0,"covered":0,"skipped":0,"pct":100}}
,"D:\\MBP_ecommerce\\frontend\\src\\shared\\lib\\validators\\validate.js": {"lines":{"total":13,"covered":13,"skipped":0,"pct":100},"functions":{"total":3,"covered":3,"skipped":0,"pct":100},"statements":{"total":15,"covered":15,"skipped":0,"pct":100},"branches":{"total":4,"covered":4,"skipped":0,"pct":100}}
,"D:\\MBP_ecommerce\\frontend\\src\\shared\\ui\\useCountdown.js": {"lines":{"total":17,"covered":17,"skipped":0,"pct":100},"functions":{"total":6,"covered":6,"skipped":0,"pct":100},"statements":{"total":21,"covered":21,"skipped":0,"pct":100},"branches":{"total":8,"covered":8,"skipped":0,"pct":100}}
,"D:\\MBP_ecommerce\\frontend\\src\\shared\\ui\\FormInput\\FormInput.jsx": {"lines":{"total":5,"covered":5,"skipped":0,"pct":100},"functions":{"total":3,"covered":3,"skipped":0,"pct":100},"statements":{"total":6,"covered":6,"skipped":0,"pct":100},"branches":{"total":21,"covered":20,"skipped":0,"pct":95.23}}
}
